<?xml version="1.0" encoding="UTF-8"?>
<testng-results skipped="0" failed="0" ignored="0" total="7" passed="7">
  <reporter-output>
  </reporter-output>
  <suite name="Default suite" duration-ms="10963" started-at="2022-10-27T16:23:15Z" finished-at="2022-10-27T16:23:26Z">
    <groups>
    </groups>
    <test name="Default test" duration-ms="10963" started-at="2022-10-27T16:23:15Z" finished-at="2022-10-27T16:23:26Z">
      <class name="com.test.Sample">
        <test-method status="PASS" signature="login()[pri:1, instance:com.test.Sample@4b9e13df]" name="login" duration-ms="4054" started-at="2022-10-27T16:23:15Z" finished-at="2022-10-27T16:23:19Z">
          <reporter-output>
          </reporter-output>
        </test-method> <!-- login -->
        <test-method status="PASS" signature="getStateId()[pri:2, instance:com.test.Sample@4b9e13df]" name="getStateId" duration-ms="1250" started-at="2022-10-27T16:23:19Z" finished-at="2022-10-27T16:23:20Z">
          <reporter-output>
          </reporter-output>
        </test-method> <!-- getStateId -->
        <test-method status="PASS" signature="getCityId()[pri:3, instance:com.test.Sample@4b9e13df]" name="getCityId" duration-ms="1929" started-at="2022-10-27T16:23:20Z" finished-at="2022-10-27T16:23:22Z">
          <reporter-output>
          </reporter-output>
        </test-method> <!-- getCityId -->
        <test-method status="PASS" signature="addUserAddress()[pri:4, instance:com.test.Sample@4b9e13df]" name="addUserAddress" duration-ms="946" started-at="2022-10-27T16:23:22Z" finished-at="2022-10-27T16:23:23Z">
          <reporter-output>
          </reporter-output>
        </test-method> <!-- addUserAddress -->
        <test-method status="PASS" signature="UpdateUserAddress()[pri:5, instance:com.test.Sample@4b9e13df]" name="UpdateUserAddress" duration-ms="776" started-at="2022-10-27T16:23:23Z" finished-at="2022-10-27T16:23:24Z">
          <reporter-output>
          </reporter-output>
        </test-method> <!-- UpdateUserAddress -->
        <test-method status="PASS" signature="deleteUSerAddress()[pri:6, instance:com.test.Sample@4b9e13df]" name="deleteUSerAddress" duration-ms="1070" started-at="2022-10-27T16:23:24Z" finished-at="2022-10-27T16:23:25Z">
          <reporter-output>
          </reporter-output>
        </test-method> <!-- deleteUSerAddress -->
        <test-method status="PASS" signature="getUserAddress()[pri:7, instance:com.test.Sample@4b9e13df]" name="getUserAddress" duration-ms="912" started-at="2022-10-27T16:23:25Z" finished-at="2022-10-27T16:23:26Z">
          <reporter-output>
          </reporter-output>
        </test-method> <!-- getUserAddress -->
      </class> <!-- com.test.Sample -->
    </test> <!-- Default test -->
  </suite> <!-- Default suite -->
</testng-results>
